0 info it worked if it ends with ok
1 verbose cli [ 'C:\\Program Files\\nodejs\\node.exe',
1 verbose cli   'C:\\Program Files\\nodejs\\node_modules\\npm\\bin\\npm-cli.js',
1 verbose cli   'start' ]
2 info using npm@4.0.3
3 info using node@v6.6.0
4 verbose run-script [ 'prestart', 'start', 'poststart' ]
5 info lifecycle iamnikiyo.github.io@1.0.0~prestart: iamnikiyo.github.io@1.0.0
6 silly lifecycle iamnikiyo.github.io@1.0.0~prestart: no script for prestart, continuing
7 info lifecycle iamnikiyo.github.io@1.0.0~start: iamnikiyo.github.io@1.0.0
8 verbose lifecycle iamnikiyo.github.io@1.0.0~start: unsafe-perm in lifecycle true
9 verbose lifecycle iamnikiyo.github.io@1.0.0~start: PATH: C:\Program Files\nodejs\node_modules\npm\bin\node-gyp-bin;C:\Users\Nico\Dropbox\iamnikiyo.github.io\node_modules\.bin;C:\Users\Nico\bin;C:\Program Files\Git\mingw64\bin;C:\Program Files\Git\usr\local\bin;C:\Program Files\Git\usr\bin;C:\Program Files\Git\usr\bin;C:\Program Files\Git\cmd;C:\Program Files\ConEmu\ConEmu\Scripts;C:\Program Files\ConEmu;C:\Program Files\ConEmu\ConEmu;C:\ProgramData\Oracle\Java\javapath;C:\Windows\system32;C:\Windows;C:\Windows\System32\Wbem;C:\Windows\System32\WindowsPowerShell\v1.0;C:\Program Files\Java\jdk1.8.0_102\bin;C:\Program Files\nodejs;C:\Program Files\Git\cmd;C:\Apache22\bin;C:\Program Files (x86)\GtkSharp\2.12\bin;C:\RailsInstaller\Ruby2.2.0\bin;C:\Ruby23-x64\bin;C:\Users\Nico\AppData\Local\Microsoft\WindowsApps;C:\Users\Nico\AppData\Roaming\npm;C:\Users\Nico\AppData\Local\atom\bin;C:\Program Files (x86)\Microsoft VS Code\bin;C:\Program Files\Git\usr\bin\vendor_perl;C:\Program Files\Git\usr\bin\core_perl
10 verbose lifecycle iamnikiyo.github.io@1.0.0~start: CWD: C:\Users\Nico\Dropbox\iamnikiyo.github.io
11 silly lifecycle iamnikiyo.github.io@1.0.0~start: Args: [ '/d /s /c', 'node_modules/gulp/bin/gulp.js' ]
12 silly lifecycle iamnikiyo.github.io@1.0.0~start: Returned: code: 1  signal: null
13 info lifecycle iamnikiyo.github.io@1.0.0~start: Failed to exec start script
14 verbose stack Error: iamnikiyo.github.io@1.0.0 start: `node_modules/gulp/bin/gulp.js`
14 verbose stack Exit status 1
14 verbose stack     at EventEmitter.<anonymous> (C:\Program Files\nodejs\node_modules\npm\lib\utils\lifecycle.js:279:16)
14 verbose stack     at emitTwo (events.js:106:13)
14 verbose stack     at EventEmitter.emit (events.js:191:7)
14 verbose stack     at ChildProcess.<anonymous> (C:\Program Files\nodejs\node_modules\npm\lib\utils\spawn.js:40:14)
14 verbose stack     at emitTwo (events.js:106:13)
14 verbose stack     at ChildProcess.emit (events.js:191:7)
14 verbose stack     at maybeClose (internal/child_process.js:877:16)
14 verbose stack     at Process.ChildProcess._handle.onexit (internal/child_process.js:226:5)
15 verbose pkgid iamnikiyo.github.io@1.0.0
16 verbose cwd C:\Users\Nico\Dropbox\iamnikiyo.github.io
17 error Windows_NT 10.0.14393
18 error argv "C:\\Program Files\\nodejs\\node.exe" "C:\\Program Files\\nodejs\\node_modules\\npm\\bin\\npm-cli.js" "start"
19 error node v6.6.0
20 error npm  v4.0.3
21 error code ELIFECYCLE
22 error iamnikiyo.github.io@1.0.0 start: `node_modules/gulp/bin/gulp.js`
22 error Exit status 1
23 error Failed at the iamnikiyo.github.io@1.0.0 start script 'node_modules/gulp/bin/gulp.js'.
23 error Make sure you have the latest version of node.js and npm installed.
23 error If you do, this is most likely a problem with the iamnikiyo.github.io package,
23 error not with npm itself.
23 error Tell the author that this fails on your system:
23 error     node_modules/gulp/bin/gulp.js
23 error You can get information on how to open an issue for this project with:
23 error     npm bugs iamnikiyo.github.io
23 error Or if that isn't available, you can get their info via:
23 error     npm owner ls iamnikiyo.github.io
23 error There is likely additional logging output above.
24 verbose exit [ 1, true ]
